D:\C++PROJECTS\NAGUMO\DEBUG\NAGUMO.EXE
D:\C++PROJECTS\NAGUMO\DEBUG\NAGUMO.ILK
D:\C++PROJECTS\NAGUMO\DEBUG\NAGUMO.PDB
D:\C++Projects\Nagumo\Nagumo\Debug\cl.command.1.tlog
D:\C++Projects\Nagumo\Nagumo\Debug\CL.read.1.tlog
D:\C++Projects\Nagumo\Nagumo\Debug\CL.write.1.tlog
D:\C++Projects\Nagumo\Nagumo\Debug\link.8940.read.1.tlog
D:\C++Projects\Nagumo\Nagumo\Debug\link.8940.write.1.tlog
D:\C++Projects\Nagumo\Nagumo\Debug\link.8940-cvtres.read.1.tlog
D:\C++Projects\Nagumo\Nagumo\Debug\link.8940-cvtres.write.1.tlog
D:\C++Projects\Nagumo\Nagumo\Debug\link.command.1.tlog
D:\C++Projects\Nagumo\Nagumo\Debug\link.read.1.tlog
D:\C++Projects\Nagumo\Nagumo\Debug\link.write.1.tlog
D:\C++Projects\Nagumo\Nagumo\Debug\link-cvtres.read.1.tlog
D:\C++Projects\Nagumo\Nagumo\Debug\link-cvtres.write.1.tlog
D:\C++PROJECTS\NAGUMO\NAGUMO\DEBUG\MAIN.OBJ
D:\C++Projects\Nagumo\Nagumo\Debug\mt.command.1.tlog
D:\C++Projects\Nagumo\Nagumo\Debug\mt.read.1.tlog
D:\C++Projects\Nagumo\Nagumo\Debug\mt.write.1.tlog
D:\C++PROJECTS\NAGUMO\NAGUMO\DEBUG\NAGUMO.EXE.EMBED.MANIFEST
D:\C++PROJECTS\NAGUMO\NAGUMO\DEBUG\NAGUMO.EXE.EMBED.MANIFEST.RES
D:\C++PROJECTS\NAGUMO\NAGUMO\DEBUG\NAGUMO.EXE.INTERMEDIATE.MANIFEST
D:\C++Projects\Nagumo\Nagumo\Debug\Nagumo.vcxprojResolveAssemblyReference.cache
D:\C++Projects\Nagumo\Nagumo\Debug\Nagumo.write.1.tlog
D:\C++Projects\Nagumo\Nagumo\Debug\Nagumo_manifest.rc
D:\C++Projects\Nagumo\Nagumo\Debug\rc.command.1.tlog
D:\C++Projects\Nagumo\Nagumo\Debug\rc.read.1.tlog
D:\C++Projects\Nagumo\Nagumo\Debug\rc.write.1.tlog
D:\C++Projects\Nagumo\Nagumo\Debug\vc100.idb
D:\C++PROJECTS\NAGUMO\NAGUMO\DEBUG\VC100.PDB
