Build started 1/1/2018 20:45:12.
     1>Project "D:\C++Projects\Nagumo\Nagumo\Nagumo.vcxproj" on node 2 (rebuild target(s)).
     1>_PrepareForClean:
         Deleting file "Release\Nagumo.lastbuildstate".
       InitializeBuildStatus:
         Creating "Release\Nagumo.unsuccessfulbuild" because "AlwaysCreate" was specified.
       ClCompile:
         C:\Program Files (x86)\Microsoft Visual Studio 10.0\VC\bin\CL.exe /c /Zi /nologo /W3 /WX- /O2 /Oi /Oy- /GL /D WIN32 /D NDEBUG /D _CONSOLE /D _UNICODE /D UNICODE /Gm- /EHsc /MD /GS /Gy /fp:precise /Zc:wchar_t /Zc:forScope /Fo"Release\\" /Fd"Release\vc100.pdb" /Gd /TP /analyze- /errorReport:prompt main.cpp
         main.cpp
     1>main.cpp(16): warning C4244: 'initializing' : conversion from 'double' to 'int', possible loss of data
     1>main.cpp(26): warning C4244: 'argument' : conversion from 'double' to 'size_t', possible loss of data
     1>main.cpp(29): warning C4244: 'argument' : conversion from 'double' to 'size_t', possible loss of data
     1>main.cpp(45): warning C4244: 'argument' : conversion from 'double' to 'size_t', possible loss of data
     1>main.cpp(48): warning C4244: 'argument' : conversion from 'double' to 'size_t', possible loss of data
     1>main.cpp(90): warning C4244: 'argument' : conversion from 'double' to 'size_t', possible loss of data
     1>main.cpp(99): warning C4244: '=' : conversion from 'double' to 'int', possible loss of data
     1>main.cpp(116): warning C4244: 'argument' : conversion from 'double' to 'size_t', possible loss of data
     1>main.cpp(141): warning C4244: 'argument' : conversion from 'double' to 'size_t', possible loss of data
     1>main.cpp(162): warning C4244: 'argument' : conversion from 'double' to 'size_t', possible loss of data
     1>main.cpp(167): warning C4244: 'argument' : conversion from 'double' to 'size_t', possible loss of data
     1>main.cpp(169): warning C4244: 'argument' : conversion from 'double' to 'size_t', possible loss of data
       Link:
         C:\Program Files (x86)\Microsoft Visual Studio 10.0\VC\bin\link.exe /ERRORREPORT:PROMPT /OUT:"D:\C++Projects\Nagumo\Release\Nagumo.exe" /INCREMENTAL:NO /NOLOGO kernel32.lib user32.lib gdi32.lib winspool.lib comdlg32.lib advapi32.lib shell32.lib ole32.lib oleaut32.lib uuid.lib odbc32.lib odbccp32.lib /MANIFEST /ManifestFile:"Release\Nagumo.exe.intermediate.manifest" /MANIFESTUAC:"level='asInvoker' uiAccess='false'" /DEBUG /PDB:"D:\C++Projects\Nagumo\Release\Nagumo.pdb" /SUBSYSTEM:CONSOLE /OPT:REF /OPT:ICF /LTCG /TLBID:1 /DYNAMICBASE /NXCOMPAT /IMPLIB:"D:\C++Projects\Nagumo\Release\Nagumo.lib" /MACHINE:X86 Release\main.obj
         Generating code
         Finished generating code
         Nagumo.vcxproj -> D:\C++Projects\Nagumo\Release\Nagumo.exe
       Manifest:
         C:\Program Files (x86)\Microsoft SDKs\Windows\v7.0A\bin\mt.exe /nologo /verbose /outputresource:"D:\C++Projects\Nagumo\Release\Nagumo.exe;#1" /manifest Release\Nagumo.exe.intermediate.manifest
       FinalizeBuildStatus:
         Deleting file "Release\Nagumo.unsuccessfulbuild".
         Touching "Release\Nagumo.lastbuildstate".
     1>Done Building Project "D:\C++Projects\Nagumo\Nagumo\Nagumo.vcxproj" (rebuild target(s)).

Build succeeded.

Time Elapsed 00:00:00.46
